  camera.cpp
  main.cpp
e:\zy\opengl\opengl\model\model\src\main.cpp(166): warning C4244: “初始化”: 从“double”转换到“float”，可能丢失数据
e:\zy\opengl\opengl\model\model\src\main.cpp(273): warning C4244: “=”: 从“double”转换到“float”，可能丢失数据
e:\zy\opengl\opengl\model\model\src\main.cpp(274): warning C4244: “=”: 从“double”转换到“float”，可能丢失数据
e:\zy\opengl\opengl\model\model\src\main.cpp(278): warning C4244: “初始化”: 从“double”转换到“float”，可能丢失数据
e:\zy\opengl\opengl\model\model\src\main.cpp(279): warning C4244: “初始化”: 从“double”转换到“float”，可能丢失数据
e:\zy\opengl\opengl\model\model\src\main.cpp(281): warning C4244: “=”: 从“double”转换到“float”，可能丢失数据
e:\zy\opengl\opengl\model\model\src\main.cpp(282): warning C4244: “=”: 从“double”转换到“float”，可能丢失数据
e:\zy\opengl\opengl\model\model\src\main.cpp(290): warning C4244: “参数”: 从“double”转换到“float”，可能丢失数据
  mesh.cpp
e:\zy\opengl\opengl\model\model\src\mesh.cpp(76): warning C4244: “参数”: 从“unsigned int”转换到“float”，可能丢失数据
  model.cpp
  shader.cpp
  正在生成代码...
  glad.c
glfw3.lib(context.obj) : warning LNK4099: 未找到 PDB“glfw.pdb”(使用“glfw3.lib(context.obj)”或在“E:\zy\OpenGL\OpenGL\Model\Debug\glfw.pdb”中寻找)；正在链接对象，如同没有调试信息一样
glfw3.lib(init.obj) : warning LNK4099: 未找到 PDB“glfw.pdb”(使用“glfw3.lib(init.obj)”或在“E:\zy\OpenGL\OpenGL\Model\Debug\glfw.pdb”中寻找)；正在链接对象，如同没有调试信息一样
glfw3.lib(input.obj) : warning LNK4099: 未找到 PDB“glfw.pdb”(使用“glfw3.lib(input.obj)”或在“E:\zy\OpenGL\OpenGL\Model\Debug\glfw.pdb”中寻找)；正在链接对象，如同没有调试信息一样
glfw3.lib(monitor.obj) : warning LNK4099: 未找到 PDB“glfw.pdb”(使用“glfw3.lib(monitor.obj)”或在“E:\zy\OpenGL\OpenGL\Model\Debug\glfw.pdb”中寻找)；正在链接对象，如同没有调试信息一样
glfw3.lib(vulkan.obj) : warning LNK4099: 未找到 PDB“glfw.pdb”(使用“glfw3.lib(vulkan.obj)”或在“E:\zy\OpenGL\OpenGL\Model\Debug\glfw.pdb”中寻找)；正在链接对象，如同没有调试信息一样
glfw3.lib(window.obj) : warning LNK4099: 未找到 PDB“glfw.pdb”(使用“glfw3.lib(window.obj)”或在“E:\zy\OpenGL\OpenGL\Model\Debug\glfw.pdb”中寻找)；正在链接对象，如同没有调试信息一样
glfw3.lib(win32_init.obj) : warning LNK4099: 未找到 PDB“glfw.pdb”(使用“glfw3.lib(win32_init.obj)”或在“E:\zy\OpenGL\OpenGL\Model\Debug\glfw.pdb”中寻找)；正在链接对象，如同没有调试信息一样
glfw3.lib(win32_joystick.obj) : warning LNK4099: 未找到 PDB“glfw.pdb”(使用“glfw3.lib(win32_joystick.obj)”或在“E:\zy\OpenGL\OpenGL\Model\Debug\glfw.pdb”中寻找)；正在链接对象，如同没有调试信息一样
glfw3.lib(win32_monitor.obj) : warning LNK4099: 未找到 PDB“glfw.pdb”(使用“glfw3.lib(win32_monitor.obj)”或在“E:\zy\OpenGL\OpenGL\Model\Debug\glfw.pdb”中寻找)；正在链接对象，如同没有调试信息一样
glfw3.lib(win32_time.obj) : warning LNK4099: 未找到 PDB“glfw.pdb”(使用“glfw3.lib(win32_time.obj)”或在“E:\zy\OpenGL\OpenGL\Model\Debug\glfw.pdb”中寻找)；正在链接对象，如同没有调试信息一样
glfw3.lib(win32_thread.obj) : warning LNK4099: 未找到 PDB“glfw.pdb”(使用“glfw3.lib(win32_thread.obj)”或在“E:\zy\OpenGL\OpenGL\Model\Debug\glfw.pdb”中寻找)；正在链接对象，如同没有调试信息一样
glfw3.lib(win32_window.obj) : warning LNK4099: 未找到 PDB“glfw.pdb”(使用“glfw3.lib(win32_window.obj)”或在“E:\zy\OpenGL\OpenGL\Model\Debug\glfw.pdb”中寻找)；正在链接对象，如同没有调试信息一样
glfw3.lib(wgl_context.obj) : warning LNK4099: 未找到 PDB“glfw.pdb”(使用“glfw3.lib(wgl_context.obj)”或在“E:\zy\OpenGL\OpenGL\Model\Debug\glfw.pdb”中寻找)；正在链接对象，如同没有调试信息一样
glfw3.lib(egl_context.obj) : warning LNK4099: 未找到 PDB“glfw.pdb”(使用“glfw3.lib(egl_context.obj)”或在“E:\zy\OpenGL\OpenGL\Model\Debug\glfw.pdb”中寻找)；正在链接对象，如同没有调试信息一样
glfw3.lib(osmesa_context.obj) : warning LNK4099: 未找到 PDB“glfw.pdb”(使用“glfw3.lib(osmesa_context.obj)”或在“E:\zy\OpenGL\OpenGL\Model\Debug\glfw.pdb”中寻找)；正在链接对象，如同没有调试信息一样
  Model.vcxproj -> E:\zy\OpenGL\OpenGL\Model\Debug\Model.exe
